{
  "RSpec": {
    "coverage": {
      "/Users/jamiepalmer/Projects/bookmarkmanagerfriday2/bookmark_manager_will_josh/spec/bookmark_spec.rb": [
        1,
        1,
        null,
        1,
        2,
        null,
        null,
        1,
        1,
        1,
        null,
        null,
        1,
        1,
        1,
        null,
        1,
        null,
        1,
        1,
        1,
        1,
        1,
        null,
        null,
        null,
        null,
        1,
        1,
        1,
        1,
        null,
        1,
        1,
        1,
        1,
        null,
        null,
        1,
        1,
        1,
        null,
        null,
        null,
        1,
        1,
        1,
        null,
        1,
        null,
        1,
        null,
        null,
        null,
        1,
        1,
        1,
        1,
        null,
        1,
        1,
        1,
        1,
        null,
        null,
        null,
        1,
        1,
        1,
        null,
        1,
        null,
        1,
        1,
        1,
        1,
        null,
        null,
        null,
        1,
        1,
        1,
        1,
        null,
        1,
        null,
        null,
        null
      ],
      "/Users/jamiepalmer/Projects/bookmarkmanagerfriday2/bookmark_manager_will_josh/spec/database_helpers.rb": [
        1,
        1,
        null,
        1,
        4,
        null
      ],
      "/Users/jamiepalmer/Projects/bookmarkmanagerfriday2/bookmark_manager_will_josh/spec/bookmark_tab_jointable_spec.rb": [
        1,
        1,
        1,
        1,
        null,
        1,
        1,
        1,
        1,
        1,
        1,
        null,
        1,
        1,
        1,
        null,
        null,
        null
      ],
      "/Users/jamiepalmer/Projects/bookmarkmanagerfriday2/bookmark_manager_will_josh/lib/bookmarktagjointable.rb": [
        1,
        1,
        4,
        4,
        null,
        1,
        null,
        1,
        4,
        4,
        4,
        null,
        null
      ],
      "/Users/jamiepalmer/Projects/bookmarkmanagerfriday2/bookmark_manager_will_josh/spec/comment_spec.rb": [
        1,
        1,
        1,
        null,
        1,
        1,
        1,
        1,
        1,
        null,
        1,
        null,
        1,
        1,
        1,
        1,
        null,
        null,
        null,
        1,
        1,
        1,
        1,
        1,
        null,
        1,
        1,
        1,
        null,
        1,
        1,
        1,
        1,
        null,
        null,
        null
      ],
      "/Users/jamiepalmer/Projects/bookmarkmanagerfriday2/bookmark_manager_will_josh/spec/database_connection_spec.rb": [
        1,
        1,
        null,
        1,
        1,
        1,
        null,
        1,
        null,
        null,
        1,
        1,
        1,
        null,
        null,
        null
      ],
      "/Users/jamiepalmer/Projects/bookmarkmanagerfriday2/bookmark_manager_will_josh/spec/features/adding_and_viewing_comments_spec.rb": [
        1,
        1,
        1,
        1,
        null,
        1,
        1,
        null,
        1,
        null,
        1,
        1,
        null,
        1,
        1,
        null,
        null,
        null
      ],
      "/Users/jamiepalmer/Projects/bookmarkmanagerfriday2/bookmark_manager_will_josh/spec/features/adding_and_viewing_tags_spec.rb": [
        1,
        1,
        1,
        1,
        null,
        1,
        1,
        null,
        1,
        null,
        1,
        1,
        null,
        1,
        1,
        null,
        null,
        null
      ],
      "/Users/jamiepalmer/Projects/bookmarkmanagerfriday2/bookmark_manager_will_josh/spec/features/creating_bookmarks_spec.rb": [
        null,
        null,
        null,
        null,
        1,
        1,
        1,
        1,
        1,
        1,
        1,
        null,
        null,
        1,
        1,
        1,
        1,
        null,
        1,
        1,
        null,
        null
      ],
      "/Users/jamiepalmer/Projects/bookmarkmanagerfriday2/bookmark_manager_will_josh/spec/features/deleting_a_bookmark_spec.rb": [
        1,
        1,
        1,
        1,
        1,
        null,
        1,
        null,
        1,
        1,
        null,
        null
      ],
      "/Users/jamiepalmer/Projects/bookmarkmanagerfriday2/bookmark_manager_will_josh/spec/features/updating_a_bookmark_spec.rb": [
        null,
        null,
        null,
        null,
        1,
        1,
        1,
        1,
        1,
        null,
        1,
        1,
        null,
        1,
        1,
        1,
        null,
        1,
        1,
        1,
        null,
        null
      ],
      "/Users/jamiepalmer/Projects/bookmarkmanagerfriday2/bookmark_manager_will_josh/spec/features/user_stories_spec.rb": [
        1,
        1,
        1,
        1,
        null,
        null,
        null,
        null,
        null,
        null
      ],
      "/Users/jamiepalmer/Projects/bookmarkmanagerfriday2/bookmark_manager_will_josh/spec/features/viewing_bookmarks_spec.rb": [
        null,
        1,
        null,
        1,
        1,
        1,
        null,
        null,
        1,
        1,
        1,
        null,
        1,
        null,
        1,
        1,
        1,
        null,
        null
      ],
      "/Users/jamiepalmer/Projects/bookmarkmanagerfriday2/bookmark_manager_will_josh/spec/tag_spec.rb": [
        1,
        1,
        1,
        1,
        null,
        null,
        1,
        1,
        1,
        1,
        1,
        null,
        1,
        null,
        1,
        1,
        1,
        null,
        null,
        null,
        1,
        1,
        1,
        1,
        1,
        1,
        1,
        1,
        1,
        1,
        null,
        1,
        null,
        1,
        1,
        1,
        null,
        null,
        null
      ]
    },
    "timestamp": 1563557143
  }
}
